# JRE version: Java(TM) SE Runtime Environment (8.0_191-b12) (build 1.8.0_191-b12)
# Java VM: Java HotSpot(TM) 64-Bit Server VM (25.191-b12 mixed mode bsd-amd64 compressed oops)
Heap:
 PSYoungGen      total 342528K, used 180841K [0x000000076ab00000, 0x0000000781d80000, 0x00000007c0000000)
  eden space 328704K, 50% used [0x000000076ab00000,0x0000000774e1d7b8,0x000000077ec00000)
  from space 13824K, 99% used [0x0000000781000000,0x0000000781d7cd48,0x0000000781d80000)
  to   space 17920K, 0% used [0x000000077fa80000,0x000000077fa80000,0x0000000780c00000)
 ParOldGen       total 140288K, used 21434K [0x00000006c0000000, 0x00000006c8900000, 0x000000076ab00000)
  object space 140288K, 15% used [0x00000006c0000000,0x00000006c14ee8e0,0x00000006c8900000)
 Metaspace       used 55008K, capacity 57394K, committed 57728K, reserved 1099776K
  class space    used 7500K, capacity 7957K, committed 8064K, reserved 1048576K
GC Heap History (10 events):
Event: 3.406 GC heap before
{Heap before GC invocations=6 (full 1):
 PSYoungGen      total 141824K, used 131072K [0x000000076ab00000, 0x0000000774000000, 0x00000007c0000000)
  eden space 131072K, 100% used [0x000000076ab00000,0x0000000772b00000,0x0000000772b00000)
  from space 10752K, 0% used [0x0000000773580000,0x0000000773580000,0x0000000774000000)
  to   space 10752K, 0% used [0x0000000772b00000,0x0000000772b00000,0x0000000773580000)
 ParOldGen       total 92160K, used 5858K [0x00000006c0000000, 0x00000006c5a00000, 0x000000076ab00000)
  object space 92160K, 6% used [0x00000006c0000000,0x00000006c05b88f0,0x00000006c5a00000)
 Metaspace       used 24196K, capacity 25066K, committed 25216K, reserved 1071104K
  class space    used 3193K, capacity 3400K, committed 3456K, reserved 1048576K
Event: 3.415 GC heap after
Heap after GC invocations=6 (full 1):
 PSYoungGen      total 141824K, used 7044K [0x000000076ab00000, 0x0000000779180000, 0x00000007c0000000)
  eden space 131072K, 0% used [0x000000076ab00000,0x000000076ab00000,0x0000000772b00000)
  from space 10752K, 65% used [0x0000000772b00000,0x00000007731e1248,0x0000000773580000)
  to   space 9728K, 0% used [0x0000000778800000,0x0000000778800000,0x0000000779180000)
 ParOldGen       total 92160K, used 5930K [0x00000006c0000000, 0x00000006c5a00000, 0x000000076ab00000)
  object space 92160K, 6% used [0x00000006c0000000,0x00000006c05ca900,0x00000006c5a00000)
 Metaspace       used 24196K, capacity 25066K, committed 25216K, reserved 1071104K
  class space    used 3193K, capacity 3400K, committed 3456K, reserved 1048576K
}
Event: 4.490 GC heap before
{Heap before GC invocations=7 (full 1):
 PSYoungGen      total 141824K, used 138093K [0x000000076ab00000, 0x0000000779180000, 0x00000007c0000000)
  eden space 131072K, 99% used [0x000000076ab00000,0x0000000772afa410,0x0000000772b00000)
  from space 10752K, 65% used [0x0000000772b00000,0x00000007731e1248,0x0000000773580000)
  to   space 9728K, 0% used [0x0000000778800000,0x0000000778800000,0x0000000779180000)
 ParOldGen       total 92160K, used 5930K [0x00000006c0000000, 0x00000006c5a00000, 0x000000076ab00000)
  object space 92160K, 6% used [0x00000006c0000000,0x00000006c05ca900,0x00000006c5a00000)
 Metaspace       used 31293K, capacity 32830K, committed 33024K, reserved 1077248K
  class space    used 4170K, capacity 4524K, committed 4608K, reserved 1048576K
Event: 4.508 GC heap after
Heap after GC invocations=7 (full 1):
 PSYoungGen      total 223232K, used 9714K [0x000000076ab00000, 0x0000000779480000, 0x00000007c0000000)
  eden space 213504K, 0% used [0x000000076ab00000,0x000000076ab00000,0x0000000777b80000)
  from space 9728K, 99% used [0x0000000778800000,0x000000077917c8d8,0x0000000779180000)
  to   space 12800K, 0% used [0x0000000777b80000,0x0000000777b80000,0x0000000778800000)
 ParOldGen       total 92160K, used 8965K [0x00000006c0000000, 0x00000006c5a00000, 0x000000076ab00000)
  object space 92160K, 9% used [0x00000006c0000000,0x00000006c08c15e8,0x00000006c5a00000)
 Metaspace       used 31293K, capacity 32830K, committed 33024K, reserved 1077248K
  class space    used 4170K, capacity 4524K, committed 4608K, reserved 1048576K
}
Event: 5.039 GC heap before
{Heap before GC invocations=8 (full 1):
 PSYoungGen      total 223232K, used 106980K [0x000000076ab00000, 0x0000000779480000, 0x00000007c0000000)
  eden space 213504K, 45% used [0x000000076ab00000,0x00000007709fc9a0,0x0000000777b80000)
  from space 9728K, 99% used [0x0000000778800000,0x000000077917c8d8,0x0000000779180000)
  to   space 12800K, 0% used [0x0000000777b80000,0x0000000777b80000,0x0000000778800000)
 ParOldGen       total 92160K, used 8965K [0x00000006c0000000, 0x00000006c5a00000, 0x000000076ab00000)
  object space 92160K, 9% used [0x00000006c0000000,0x00000006c08c15e8,0x00000006c5a00000)
 Metaspace       used 33808K, capacity 35386K, committed 35496K, reserved 1079296K
  class space    used 4451K, capacity 4810K, committed 4864K, reserved 1048576K
Event: 5.056 GC heap after
Heap after GC invocations=8 (full 1):
 PSYoungGen      total 226304K, used 11549K [0x000000076ab00000, 0x0000000781d80000, 0x00000007c0000000)
  eden space 213504K, 0% used [0x000000076ab00000,0x000000076ab00000,0x0000000777b80000)
  from space 12800K, 90% used [0x0000000777b80000,0x00000007786c77f0,0x0000000778800000)
  to   space 13824K, 0% used [0x0000000781000000,0x0000000781000000,0x0000000781d80000)
 ParOldGen       total 92160K, used 8973K [0x00000006c0000000, 0x00000006c5a00000, 0x000000076ab00000)
  object space 92160K, 9% used [0x00000006c0000000,0x00000006c08c35e8,0x00000006c5a00000)
 Metaspace       used 33808K, capacity 35386K, committed 35496K, reserved 1079296K
  class space    used 4451K, capacity 4810K, committed 4864K, reserved 1048576K
}
Event: 5.056 GC heap before
{Heap before GC invocations=9 (full 2):
 PSYoungGen      total 226304K, used 11549K [0x000000076ab00000, 0x0000000781d80000, 0x00000007c0000000)
  eden space 213504K, 0% used [0x000000076ab00000,0x000000076ab00000,0x0000000777b80000)
  from space 12800K, 90% used [0x0000000777b80000,0x00000007786c77f0,0x0000000778800000)
  to   space 13824K, 0% used [0x0000000781000000,0x0000000781000000,0x0000000781d80000)
 ParOldGen       total 92160K, used 8973K [0x00000006c0000000, 0x00000006c5a00000, 0x000000076ab00000)
  object space 92160K, 9% used [0x00000006c0000000,0x00000006c08c35e8,0x00000006c5a00000)
 Metaspace       used 33808K, capacity 35386K, committed 35496K, reserved 1079296K
  class space    used 4451K, capacity 4810K, committed 4864K, reserved 1048576K
Event: 5.114 GC heap after
Heap after GC invocations=9 (full 2):
 PSYoungGen      total 226304K, used 0K [0x000000076ab00000, 0x0000000781d80000, 0x00000007c0000000)
  eden space 213504K, 0% used [0x000000076ab00000,0x000000076ab00000,0x0000000777b80000)
  from space 12800K, 0% used [0x0000000777b80000,0x0000000777b80000,0x0000000778800000)
  to   space 13824K, 0% used [0x0000000781000000,0x0000000781000000,0x0000000781d80000)
 ParOldGen       total 140288K, used 16405K [0x00000006c0000000, 0x00000006c8900000, 0x000000076ab00000)
  object space 140288K, 11% used [0x00000006c0000000,0x00000006c1005728,0x00000006c8900000)
 Metaspace       used 33808K, capacity 35386K, committed 35496K, reserved 1079296K
  class space    used 4451K, capacity 4810K, committed 4864K, reserved 1048576K
}
Event: 8.082 GC heap before
{Heap before GC invocations=10 (full 2):
 PSYoungGen      total 226304K, used 213504K [0x000000076ab00000, 0x0000000781d80000, 0x00000007c0000000)
  eden space 213504K, 100% used [0x000000076ab00000,0x0000000777b80000,0x0000000777b80000)
  from space 12800K, 0% used [0x0000000777b80000,0x0000000777b80000,0x0000000778800000)
  to   space 13824K, 0% used [0x0000000781000000,0x0000000781000000,0x0000000781d80000)
 ParOldGen       total 140288K, used 16405K [0x00000006c0000000, 0x00000006c8900000, 0x000000076ab00000)
  object space 140288K, 11% used [0x00000006c0000000,0x00000006c1005728,0x00000006c8900000)
 Metaspace       used 48706K, capacity 50716K, committed 50944K, reserved 1093632K
  class space    used 6743K, capacity 7150K, committed 7168K, reserved 1048576K
Event: 8.107 GC heap after
Heap after GC invocations=10 (full 2):
 PSYoungGen      total 342528K, used 13811K [0x000000076ab00000, 0x0000000781d80000, 0x00000007c0000000)
  eden space 328704K, 0% used [0x000000076ab00000,0x000000076ab00000,0x000000077ec00000)
  from space 13824K, 99% used [0x0000000781000000,0x0000000781d7cd48,0x0000000781d80000)
  to   space 17920K, 0% used [0x000000077fa80000,0x000000077fa80000,0x0000000780c00000)
 ParOldGen       total 140288K, used 21434K [0x00000006c0000000, 0x00000006c8900000, 0x000000076ab00000)
  object space 140288K, 15% used [0x00000006c0000000,0x00000006c14ee8e0,0x00000006c8900000)
 Metaspace       used 48706K, capacity 50716K, committed 50944K, reserved 1093632K
  class space    used 6743K, capacity 7150K, committed 7168K, reserved 1048576K
}

