# JRE version: Java(TM) SE Runtime Environment (8.0_191-b12) (build 1.8.0_191-b12)
# Java VM: Java HotSpot(TM) 64-Bit Server VM (25.191-b12 mixed mode bsd-amd64 compressed oops)
Heap:
 PSYoungGen      total 292352K, used 48566K [0x000000076ab00000, 0x0000000781b80000, 0x00000007c0000000)
  eden space 274944K, 12% used [0x000000076ab00000,0x000000076cb84950,0x000000077b780000)
  from space 17408K, 87% used [0x000000077b780000,0x000000077c6692a0,0x000000077c880000)
  to   space 18944K, 0% used [0x0000000780900000,0x0000000780900000,0x0000000781b80000)
 ParOldGen       total 162304K, used 18590K [0x00000006c0000000, 0x00000006c9e80000, 0x000000076ab00000)
  object space 162304K, 11% used [0x00000006c0000000,0x00000006c12278a8,0x00000006c9e80000)
 Metaspace       used 56486K, capacity 58904K, committed 59136K, reserved 1099776K
  class space    used 7696K, capacity 8142K, committed 8192K, reserved 1048576K
GC Heap History (10 events):
Event: 6.215 GC heap before
{Heap before GC invocations=7 (full 1):
 PSYoungGen      total 141824K, used 140462K [0x000000076ab00000, 0x0000000777d00000, 0x00000007c0000000)
  eden space 131072K, 100% used [0x000000076ab00000,0x0000000772b00000,0x0000000772b00000)
  from space 10752K, 87% used [0x0000000772b00000,0x000000077342b910,0x0000000773580000)
  to   space 11264K, 0% used [0x0000000777200000,0x0000000777200000,0x0000000777d00000)
 ParOldGen       total 103424K, used 6103K [0x00000006c0000000, 0x00000006c6500000, 0x000000076ab00000)
  object space 103424K, 5% used [0x00000006c0000000,0x00000006c05f5e98,0x00000006c6500000)
 Metaspace       used 31873K, capacity 33446K, committed 33792K, reserved 1079296K
  class space    used 4230K, capacity 4529K, committed 4608K, reserved 1048576K
Event: 6.229 GC heap after
Heap after GC invocations=7 (full 1):
 PSYoungGen      total 200192K, used 11233K [0x000000076ab00000, 0x0000000777e80000, 0x00000007c0000000)
  eden space 188928K, 0% used [0x000000076ab00000,0x000000076ab00000,0x0000000776380000)
  from space 11264K, 99% used [0x0000000777200000,0x0000000777cf8538,0x0000000777d00000)
  to   space 13824K, 0% used [0x0000000776380000,0x0000000776380000,0x0000000777100000)
 ParOldGen       total 103424K, used 7062K [0x00000006c0000000, 0x00000006c6500000, 0x000000076ab00000)
  object space 103424K, 6% used [0x00000006c0000000,0x00000006c06e5bb0,0x00000006c6500000)
 Metaspace       used 31873K, capacity 33446K, committed 33792K, reserved 1079296K
  class space    used 4230K, capacity 4529K, committed 4608K, reserved 1048576K
}
Event: 6.778 GC heap before
{Heap before GC invocations=8 (full 1):
 PSYoungGen      total 200192K, used 78067K [0x000000076ab00000, 0x0000000777e80000, 0x00000007c0000000)
  eden space 188928K, 35% used [0x000000076ab00000,0x000000076ec44828,0x0000000776380000)
  from space 11264K, 99% used [0x0000000777200000,0x0000000777cf8538,0x0000000777d00000)
  to   space 13824K, 0% used [0x0000000776380000,0x0000000776380000,0x0000000777100000)
 ParOldGen       total 103424K, used 7062K [0x00000006c0000000, 0x00000006c6500000, 0x000000076ab00000)
  object space 103424K, 6% used [0x00000006c0000000,0x00000006c06e5bb0,0x00000006c6500000)
 Metaspace       used 33783K, capacity 35352K, committed 35496K, reserved 1079296K
  class space    used 4453K, capacity 4776K, committed 4864K, reserved 1048576K
Event: 6.792 GC heap after
Heap after GC invocations=8 (full 1):
 PSYoungGen      total 202752K, used 10726K [0x000000076ab00000, 0x000000077d680000, 0x00000007c0000000)
  eden space 188928K, 0% used [0x000000076ab00000,0x000000076ab00000,0x0000000776380000)
  from space 13824K, 77% used [0x0000000776380000,0x0000000776df9ae0,0x0000000777100000)
  to   space 14336K, 0% used [0x000000077c880000,0x000000077c880000,0x000000077d680000)
 ParOldGen       total 103424K, used 7070K [0x00000006c0000000, 0x00000006c6500000, 0x000000076ab00000)
  object space 103424K, 6% used [0x00000006c0000000,0x00000006c06e7bb0,0x00000006c6500000)
 Metaspace       used 33783K, capacity 35352K, committed 35496K, reserved 1079296K
  class space    used 4453K, capacity 4776K, committed 4864K, reserved 1048576K
}
Event: 6.792 GC heap before
{Heap before GC invocations=9 (full 2):
 PSYoungGen      total 202752K, used 10726K [0x000000076ab00000, 0x000000077d680000, 0x00000007c0000000)
  eden space 188928K, 0% used [0x000000076ab00000,0x000000076ab00000,0x0000000776380000)
  from space 13824K, 77% used [0x0000000776380000,0x0000000776df9ae0,0x0000000777100000)
  to   space 14336K, 0% used [0x000000077c880000,0x000000077c880000,0x000000077d680000)
 ParOldGen       total 103424K, used 7070K [0x00000006c0000000, 0x00000006c6500000, 0x000000076ab00000)
  object space 103424K, 6% used [0x00000006c0000000,0x00000006c06e7bb0,0x00000006c6500000)
 Metaspace       used 33783K, capacity 35352K, committed 35496K, reserved 1079296K
  class space    used 4453K, capacity 4776K, committed 4864K, reserved 1048576K
Event: 6.854 GC heap after
Heap after GC invocations=9 (full 2):
 PSYoungGen      total 202752K, used 0K [0x000000076ab00000, 0x000000077d680000, 0x00000007c0000000)
  eden space 188928K, 0% used [0x000000076ab00000,0x000000076ab00000,0x0000000776380000)
  from space 13824K, 0% used [0x0000000776380000,0x0000000776380000,0x0000000777100000)
  to   space 14336K, 0% used [0x000000077c880000,0x000000077c880000,0x000000077d680000)
 ParOldGen       total 162304K, used 15695K [0x00000006c0000000, 0x00000006c9e80000, 0x000000076ab00000)
  object space 162304K, 9% used [0x00000006c0000000,0x00000006c0f53fc0,0x00000006c9e80000)
 Metaspace       used 33783K, capacity 35352K, committed 35496K, reserved 1079296K
  class space    used 4453K, capacity 4776K, committed 4864K, reserved 1048576K
}
Event: 9.921 GC heap before
{Heap before GC invocations=10 (full 2):
 PSYoungGen      total 202752K, used 188928K [0x000000076ab00000, 0x000000077d680000, 0x00000007c0000000)
  eden space 188928K, 100% used [0x000000076ab00000,0x0000000776380000,0x0000000776380000)
  from space 13824K, 0% used [0x0000000776380000,0x0000000776380000,0x0000000777100000)
  to   space 14336K, 0% used [0x000000077c880000,0x000000077c880000,0x000000077d680000)
 ParOldGen       total 162304K, used 15695K [0x00000006c0000000, 0x00000006c9e80000, 0x000000076ab00000)
  object space 162304K, 9% used [0x00000006c0000000,0x00000006c0f53fc0,0x00000006c9e80000)
 Metaspace       used 47537K, capacity 49370K, committed 49536K, reserved 1091584K
  class space    used 6595K, capacity 6999K, committed 7040K, reserved 1048576K
Event: 9.939 GC heap after
Heap after GC invocations=10 (full 2):
 PSYoungGen      total 289280K, used 14311K [0x000000076ab00000, 0x000000077da00000, 0x00000007c0000000)
  eden space 274944K, 0% used [0x000000076ab00000,0x000000076ab00000,0x000000077b780000)
  from space 14336K, 99% used [0x000000077c880000,0x000000077d679f40,0x000000077d680000)
  to   space 17408K, 0% used [0x000000077b780000,0x000000077b780000,0x000000077c880000)
 ParOldGen       total 162304K, used 18582K [0x00000006c0000000, 0x00000006c9e80000, 0x000000076ab00000)
  object space 162304K, 11% used [0x00000006c0000000,0x00000006c12258a8,0x00000006c9e80000)
 Metaspace       used 47537K, capacity 49370K, committed 49536K, reserved 1091584K
  class space    used 6595K, capacity 6999K, committed 7040K, reserved 1048576K
}
Event: 1633.367 GC heap before
{Heap before GC invocations=11 (full 2):
 PSYoungGen      total 289280K, used 289255K [0x000000076ab00000, 0x000000077da00000, 0x00000007c0000000)
  eden space 274944K, 100% used [0x000000076ab00000,0x000000077b780000,0x000000077b780000)
  from space 14336K, 99% used [0x000000077c880000,0x000000077d679f40,0x000000077d680000)
  to   space 17408K, 0% used [0x000000077b780000,0x000000077b780000,0x000000077c880000)
 ParOldGen       total 162304K, used 18582K [0x00000006c0000000, 0x00000006c9e80000, 0x000000076ab00000)
  object space 162304K, 11% used [0x00000006c0000000,0x00000006c12258a8,0x00000006c9e80000)
 Metaspace       used 56405K, capacity 58816K, committed 59136K, reserved 1099776K
  class space    used 7685K, capacity 8136K, committed 8192K, reserved 1048576K
Event: 1633.434 GC heap after
Heap after GC invocations=11 (full 2):
 PSYoungGen      total 292352K, used 15268K [0x000000076ab00000, 0x0000000781b80000, 0x00000007c0000000)
  eden space 274944K, 0% used [0x000000076ab00000,0x000000076ab00000,0x000000077b780000)
  from space 17408K, 87% used [0x000000077b780000,0x000000077c6692a0,0x000000077c880000)
  to   space 18944K, 0% used [0x0000000780900000,0x0000000780900000,0x0000000781b80000)
 ParOldGen       total 162304K, used 18590K [0x00000006c0000000, 0x00000006c9e80000, 0x000000076ab00000)
  object space 162304K, 11% used [0x00000006c0000000,0x00000006c12278a8,0x00000006c9e80000)
 Metaspace       used 56405K, capacity 58816K, committed 59136K, reserved 1099776K
  class space    used 7685K, capacity 8136K, committed 8192K, reserved 1048576K
}

