# JRE version: Java(TM) SE Runtime Environment (8.0_191-b12) (build 1.8.0_191-b12)
# Java VM: Java HotSpot(TM) 64-Bit Server VM (25.191-b12 mixed mode bsd-amd64 compressed oops)
Heap:
 PSYoungGen      total 357888K, used 353859K [0x000000076ab00000, 0x0000000783c80000, 0x00000007c0000000)
  eden space 344064K, 98% used [0x000000076ab00000,0x000000077f717908,0x000000077fb00000)
  from space 13824K, 99% used [0x0000000782f00000,0x0000000783c79648,0x0000000783c80000)
  to   space 17920K, 0% used [0x0000000781980000,0x0000000781980000,0x0000000782b00000)
 ParOldGen       total 134656K, used 21778K [0x00000006c0000000, 0x00000006c8380000, 0x000000076ab00000)
  object space 134656K, 16% used [0x00000006c0000000,0x00000006c15449c0,0x00000006c8380000)
 Metaspace       used 56620K, capacity 59052K, committed 59136K, reserved 1099776K
  class space    used 7712K, capacity 8172K, committed 8192K, reserved 1048576K
GC Heap History (10 events):
Event: 6.348 GC heap before
{Heap before GC invocations=6 (full 1):
 PSYoungGen      total 141824K, used 131072K [0x000000076ab00000, 0x0000000774000000, 0x00000007c0000000)
  eden space 131072K, 100% used [0x000000076ab00000,0x0000000772b00000,0x0000000772b00000)
  from space 10752K, 0% used [0x0000000773580000,0x0000000773580000,0x0000000774000000)
  to   space 10752K, 0% used [0x0000000772b00000,0x0000000772b00000,0x0000000773580000)
 ParOldGen       total 89088K, used 6128K [0x00000006c0000000, 0x00000006c5700000, 0x000000076ab00000)
  object space 89088K, 6% used [0x00000006c0000000,0x00000006c05fc070,0x00000006c5700000)
 Metaspace       used 24141K, capacity 25002K, committed 25216K, reserved 1071104K
  class space    used 3186K, capacity 3400K, committed 3456K, reserved 1048576K
Event: 6.357 GC heap after
Heap after GC invocations=6 (full 1):
 PSYoungGen      total 141824K, used 7075K [0x000000076ab00000, 0x0000000779700000, 0x00000007c0000000)
  eden space 131072K, 0% used [0x000000076ab00000,0x000000076ab00000,0x0000000772b00000)
  from space 10752K, 65% used [0x0000000772b00000,0x00000007731e8c18,0x0000000773580000)
  to   space 9216K, 0% used [0x0000000778e00000,0x0000000778e00000,0x0000000779700000)
 ParOldGen       total 89088K, used 6136K [0x00000006c0000000, 0x00000006c5700000, 0x000000076ab00000)
  object space 89088K, 6% used [0x00000006c0000000,0x00000006c05fe070,0x00000006c5700000)
 Metaspace       used 24141K, capacity 25002K, committed 25216K, reserved 1071104K
  class space    used 3186K, capacity 3400K, committed 3456K, reserved 1048576K
}
Event: 7.726 GC heap before
{Heap before GC invocations=7 (full 1):
 PSYoungGen      total 141824K, used 138119K [0x000000076ab00000, 0x0000000779700000, 0x00000007c0000000)
  eden space 131072K, 99% used [0x000000076ab00000,0x0000000772af92f0,0x0000000772b00000)
  from space 10752K, 65% used [0x0000000772b00000,0x00000007731e8c18,0x0000000773580000)
  to   space 9216K, 0% used [0x0000000778e00000,0x0000000778e00000,0x0000000779700000)
 ParOldGen       total 89088K, used 6136K [0x00000006c0000000, 0x00000006c5700000, 0x000000076ab00000)
  object space 89088K, 6% used [0x00000006c0000000,0x00000006c05fe070,0x00000006c5700000)
 Metaspace       used 31274K, capacity 32766K, committed 33024K, reserved 1077248K
  class space    used 4170K, capacity 4524K, committed 4608K, reserved 1048576K
Event: 7.744 GC heap after
Heap after GC invocations=7 (full 1):
 PSYoungGen      total 229376K, used 9208K [0x000000076ab00000, 0x0000000779a80000, 0x00000007c0000000)
  eden space 220160K, 0% used [0x000000076ab00000,0x000000076ab00000,0x0000000778200000)
  from space 9216K, 99% used [0x0000000778e00000,0x00000007796fe168,0x0000000779700000)
  to   space 12288K, 0% used [0x0000000778200000,0x0000000778200000,0x0000000778e00000)
 ParOldGen       total 89088K, used 9818K [0x00000006c0000000, 0x00000006c5700000, 0x000000076ab00000)
  object space 89088K, 11% used [0x00000006c0000000,0x00000006c0996b10,0x00000006c5700000)
 Metaspace       used 31274K, capacity 32766K, committed 33024K, reserved 1077248K
  class space    used 4170K, capacity 4524K, committed 4608K, reserved 1048576K
}
Event: 8.208 GC heap before
{Heap before GC invocations=8 (full 1):
 PSYoungGen      total 229376K, used 112561K [0x000000076ab00000, 0x0000000779a80000, 0x00000007c0000000)
  eden space 220160K, 46% used [0x000000076ab00000,0x0000000770fee4e0,0x0000000778200000)
  from space 9216K, 99% used [0x0000000778e00000,0x00000007796fe168,0x0000000779700000)
  to   space 12288K, 0% used [0x0000000778200000,0x0000000778200000,0x0000000778e00000)
 ParOldGen       total 89088K, used 9818K [0x00000006c0000000, 0x00000006c5700000, 0x000000076ab00000)
  object space 89088K, 11% used [0x00000006c0000000,0x00000006c0996b10,0x00000006c5700000)
 Metaspace       used 33819K, capacity 35386K, committed 35496K, reserved 1079296K
  class space    used 4453K, capacity 4810K, committed 4864K, reserved 1048576K
Event: 8.229 GC heap after
Heap after GC invocations=8 (full 1):
 PSYoungGen      total 232448K, used 11605K [0x000000076ab00000, 0x0000000783c80000, 0x00000007c0000000)
  eden space 220160K, 0% used [0x000000076ab00000,0x000000076ab00000,0x0000000778200000)
  from space 12288K, 94% used [0x0000000778200000,0x0000000778d55458,0x0000000778e00000)
  to   space 13824K, 0% used [0x0000000782f00000,0x0000000782f00000,0x0000000783c80000)
 ParOldGen       total 89088K, used 9826K [0x00000006c0000000, 0x00000006c5700000, 0x000000076ab00000)
  object space 89088K, 11% used [0x00000006c0000000,0x00000006c0998b10,0x00000006c5700000)
 Metaspace       used 33819K, capacity 35386K, committed 35496K, reserved 1079296K
  class space    used 4453K, capacity 4810K, committed 4864K, reserved 1048576K
}
Event: 8.229 GC heap before
{Heap before GC invocations=9 (full 2):
 PSYoungGen      total 232448K, used 11605K [0x000000076ab00000, 0x0000000783c80000, 0x00000007c0000000)
  eden space 220160K, 0% used [0x000000076ab00000,0x000000076ab00000,0x0000000778200000)
  from space 12288K, 94% used [0x0000000778200000,0x0000000778d55458,0x0000000778e00000)
  to   space 13824K, 0% used [0x0000000782f00000,0x0000000782f00000,0x0000000783c80000)
 ParOldGen       total 89088K, used 9826K [0x00000006c0000000, 0x00000006c5700000, 0x000000076ab00000)
  object space 89088K, 11% used [0x00000006c0000000,0x00000006c0998b10,0x00000006c5700000)
 Metaspace       used 33819K, capacity 35386K, committed 35496K, reserved 1079296K
  class space    used 4453K, capacity 4810K, committed 4864K, reserved 1048576K
Event: 8.296 GC heap after
Heap after GC invocations=9 (full 2):
 PSYoungGen      total 232448K, used 0K [0x000000076ab00000, 0x0000000783c80000, 0x00000007c0000000)
  eden space 220160K, 0% used [0x000000076ab00000,0x000000076ab00000,0x0000000778200000)
  from space 12288K, 0% used [0x0000000778200000,0x0000000778200000,0x0000000778e00000)
  to   space 13824K, 0% used [0x0000000782f00000,0x0000000782f00000,0x0000000783c80000)
 ParOldGen       total 134656K, used 16445K [0x00000006c0000000, 0x00000006c8380000, 0x000000076ab00000)
  object space 134656K, 12% used [0x00000006c0000000,0x00000006c100f7d8,0x00000006c8380000)
 Metaspace       used 33819K, capacity 35386K, committed 35496K, reserved 1079296K
  class space    used 4453K, capacity 4810K, committed 4864K, reserved 1048576K
}
Event: 11.677 GC heap before
{Heap before GC invocations=10 (full 2):
 PSYoungGen      total 232448K, used 220160K [0x000000076ab00000, 0x0000000783c80000, 0x00000007c0000000)
  eden space 220160K, 100% used [0x000000076ab00000,0x0000000778200000,0x0000000778200000)
  from space 12288K, 0% used [0x0000000778200000,0x0000000778200000,0x0000000778e00000)
  to   space 13824K, 0% used [0x0000000782f00000,0x0000000782f00000,0x0000000783c80000)
 ParOldGen       total 134656K, used 16445K [0x00000006c0000000, 0x00000006c8380000, 0x000000076ab00000)
  object space 134656K, 12% used [0x00000006c0000000,0x00000006c100f7d8,0x00000006c8380000)
 Metaspace       used 49032K, capacity 51224K, committed 51328K, reserved 1093632K
  class space    used 6800K, capacity 7222K, committed 7296K, reserved 1048576K
Event: 11.699 GC heap after
Heap after GC invocations=10 (full 2):
 PSYoungGen      total 357888K, used 13797K [0x000000076ab00000, 0x0000000783c80000, 0x00000007c0000000)
  eden space 344064K, 0% used [0x000000076ab00000,0x000000076ab00000,0x000000077fb00000)
  from space 13824K, 99% used [0x0000000782f00000,0x0000000783c79648,0x0000000783c80000)
  to   space 17920K, 0% used [0x0000000781980000,0x0000000781980000,0x0000000782b00000)
 ParOldGen       total 134656K, used 21778K [0x00000006c0000000, 0x00000006c8380000, 0x000000076ab00000)
  object space 134656K, 16% used [0x00000006c0000000,0x00000006c15449c0,0x00000006c8380000)
 Metaspace       used 49032K, capacity 51224K, committed 51328K, reserved 1093632K
  class space    used 6800K, capacity 7222K, committed 7296K, reserved 1048576K
}

